;  LST file generated by mikroListExporter - v.2.0 
; Date/Time: 09-Aug-24 8:37:47 AM
;----------------------------------------------

;Address Opcode 	ASM
0x0000	0x2842      	GOTO       66
_interrupt:
0x0004	0x00FF      	MOVWF      R15
0x0005	0x0E03      	SWAPF      STATUS, 0
0x0006	0x0183      	CLRF       STATUS
0x0007	0x00D8      	MOVWF      ___saveSTATUS
0x0008	0x080A      	MOVF       PCLATH, 0
0x0009	0x00D9      	MOVWF      ___savePCLATH
0x000A	0x018A      	CLRF       PCLATH
0x000B	0x0870      	MOVF       R0, 0
0x000C	0x00A1      	MOVWF      33
0x000D	0x0871      	MOVF       R1, 0
0x000E	0x00A0      	MOVWF      32
;Traffic_Light_System.c,33 :: 		void interrupt() {
;Traffic_Light_System.c,34 :: 		if(intf_bit) {
0x000F	0x1C8B      	BTFSS      INTF_bit, BitPos(INTF_bit+0)
0x0010	0x2824      	GOTO       L_interrupt0
;Traffic_Light_System.c,35 :: 		intf_bit = 0;
0x0011	0x108B      	BCF        INTF_bit, BitPos(INTF_bit+0)
;Traffic_Light_System.c,36 :: 		flag = (flag == 0? 1:0);
0x0012	0x3000      	MOVLW      0
0x0013	0x0653      	XORWF      _flag+1, 0
0x0014	0x1D03      	BTFSS      STATUS, 2
0x0015	0x2818      	GOTO       L__interrupt63
0x0016	0x3000      	MOVLW      0
0x0017	0x0652      	XORWF      _flag, 0
L__interrupt63:
0x0018	0x1D03      	BTFSS      STATUS, 2
0x0019	0x281D      	GOTO       L_interrupt1
0x001A	0x3001      	MOVLW      1
0x001B	0x00F1      	MOVWF      R1
0x001C	0x281E      	GOTO       L_interrupt2
L_interrupt1:
0x001D	0x01F1      	CLRF       R1
L_interrupt2:
0x001E	0x0871      	MOVF       R1, 0
0x001F	0x00D2      	MOVWF      _flag
0x0020	0x3000      	MOVLW      0
0x0021	0x1BD2      	BTFSC      _flag, 7
0x0022	0x30FF      	MOVLW      255
0x0023	0x00D3      	MOVWF      _flag+1
;Traffic_Light_System.c,37 :: 		}
L_interrupt0:
;Traffic_Light_System.c,38 :: 		}
L_end_interrupt:
L__interrupt62:
0x0024	0x0821      	MOVF       33, 0
0x0025	0x00F0      	MOVWF      R0
0x0026	0x0820      	MOVF       32, 0
0x0027	0x00F1      	MOVWF      R1
0x0028	0x0859      	MOVF       ___savePCLATH, 0
0x0029	0x008A      	MOVWF      PCLATH
0x002A	0x0E58      	SWAPF      ___saveSTATUS, 0
0x002B	0x0083      	MOVWF      STATUS
0x002C	0x0EFF      	SWAPF      R15, 1
0x002D	0x0E7F      	SWAPF      R15, 0
0x002E	0x0009      	RETFIE
; end of _interrupt
_____DoICP:
;__Lib_System.c,6 :: 		
;__Lib_System.c,9 :: 		
0x002F	0x1283      	BCF        STATUS, 5
0x0030	0x1303      	BCF        STATUS, 6
0x0031	0x0855      	MOVF       ___DoICPAddr+1, 0
0x0032	0x008A      	MOVWF      PCLATH
;__Lib_System.c,10 :: 		
0x0033	0x0854      	MOVF       ___DoICPAddr, 0
0x0034	0x0082      	MOVWF      PCL
;__Lib_System.c,12 :: 		
L_end_____DoICP:
0x0035	0x0008      	RETURN
; end of _____DoICP
___CC2DW:
;__Lib_System.c,134 :: 		
;__Lib_System.c,137 :: 		
_CC2D_Loop1:
;__Lib_System.c,139 :: 		
0x0036	0x202F      	CALL       _____DoICP
0x0037	0x118A      	BCF        PCLATH, 3
0x0038	0x120A      	BCF        PCLATH, 4
;__Lib_System.c,141 :: 		
0x0039	0x0080      	MOVWF      INDF
;__Lib_System.c,142 :: 		
0x003A	0x0A84      	INCF       FSR, 1
;__Lib_System.c,143 :: 		
0x003B	0x0AD4      	INCF       ___DoICPAddr, 1
;__Lib_System.c,145 :: 		
0x003C	0x1903      	BTFSC      STATUS, 2
;__Lib_System.c,146 :: 		
0x003D	0x0AD5      	INCF       ___DoICPAddr+1, 1
;__Lib_System.c,147 :: 		
0x003E	0x03F0      	DECF       R0, 1
;__Lib_System.c,149 :: 		
0x003F	0x1D03      	BTFSS      STATUS, 2
;__Lib_System.c,150 :: 		
0x0040	0x2836      	GOTO       _CC2D_Loop1
;__Lib_System.c,152 :: 		
L_end___CC2DW:
0x0041	0x0008      	RETURN
; end of ___CC2DW
_main:
0x0042	0x2206      	CALL       518
;Traffic_Light_System.c,40 :: 		void main() {
;Traffic_Light_System.c,42 :: 		trisb = 3;
0x0043	0x3003      	MOVLW      3
0x0044	0x1683      	BSF        STATUS, 5
0x0045	0x1303      	BCF        STATUS, 6
0x0046	0x0086      	MOVWF      TRISB
;Traffic_Light_System.c,43 :: 		trisc = 0;
0x0047	0x0187      	CLRF       TRISC
;Traffic_Light_System.c,44 :: 		trisd = 0;
0x0048	0x0188      	CLRF       TRISD
;Traffic_Light_System.c,45 :: 		portb = 0;
0x0049	0x1283      	BCF        STATUS, 5
0x004A	0x0186      	CLRF       PORTB
;Traffic_Light_System.c,46 :: 		portc = 0;
0x004B	0x0187      	CLRF       PORTC
;Traffic_Light_System.c,47 :: 		portd = 8;
0x004C	0x3008      	MOVLW      8
0x004D	0x0088      	MOVWF      PORTD
;Traffic_Light_System.c,49 :: 		gie_bit = 1;
0x004E	0x178B      	BSF        GIE_bit, BitPos(GIE_bit+0)
;Traffic_Light_System.c,50 :: 		inte_bit = 1;
0x004F	0x160B      	BSF        INTE_bit, BitPos(INTE_bit+0)
;Traffic_Light_System.c,51 :: 		intedg_bit = 1; // Rising Edge
0x0050	0x1683      	BSF        STATUS, 5
0x0051	0x1701      	BSF        INTEDG_bit, BitPos(INTEDG_bit+0)
;Traffic_Light_System.c,53 :: 		while(1) {
L_main3:
;Traffic_Light_System.c,55 :: 		if(flag != 1) {
0x0052	0x3000      	MOVLW      0
0x0053	0x1283      	BCF        STATUS, 5
0x0054	0x0653      	XORWF      _flag+1, 0
0x0055	0x1D03      	BTFSS      STATUS, 2
0x0056	0x2859      	GOTO       L__main65
0x0057	0x3001      	MOVLW      1
0x0058	0x0652      	XORWF      _flag, 0
L__main65:
0x0059	0x1903      	BTFSC      STATUS, 2
0x005A	0x2933      	GOTO       L_main5
;Traffic_Light_System.c,57 :: 		if(S_RED) {
0x005B	0x1D88      	BTFSS      PORTD, 3
0x005C	0x28C8      	GOTO       L_main6
;Traffic_Light_System.c,58 :: 		for(i = 23; i > 0 && flag != 1; i--) {
0x005D	0x3017      	MOVLW      23
0x005E	0x00D6      	MOVWF      _i
0x005F	0x3000      	MOVLW      0
0x0060	0x00D7      	MOVWF      _i+1
L_main7:
0x0061	0x3080      	MOVLW      128
0x0062	0x00F0      	MOVWF      R0
0x0063	0x3080      	MOVLW      128
0x0064	0x0657      	XORWF      _i+1, 0
0x0065	0x0270      	SUBWF      R0, 0
0x0066	0x1D03      	BTFSS      STATUS, 2
0x0067	0x286A      	GOTO       L__main66
0x0068	0x0856      	MOVF       _i, 0
0x0069	0x3C00      	SUBLW      0
L__main66:
0x006A	0x1803      	BTFSC      STATUS, 0
0x006B	0x28BE      	GOTO       L_main8
0x006C	0x3000      	MOVLW      0
0x006D	0x0653      	XORWF      _flag+1, 0
0x006E	0x1D03      	BTFSS      STATUS, 2
0x006F	0x2872      	GOTO       L__main67
0x0070	0x3001      	MOVLW      1
0x0071	0x0652      	XORWF      _flag, 0
L__main67:
0x0072	0x1903      	BTFSC      STATUS, 2
0x0073	0x28BE      	GOTO       L_main8
L__main60:
;Traffic_Light_System.c,59 :: 		W_RED = 0;
0x0074	0x1008      	BCF        PORTD, 0
;Traffic_Light_System.c,60 :: 		W_YELLOW = (i > 3? 0:1);
0x0075	0x3080      	MOVLW      128
0x0076	0x00F0      	MOVWF      R0
0x0077	0x3080      	MOVLW      128
0x0078	0x0657      	XORWF      _i+1, 0
0x0079	0x0270      	SUBWF      R0, 0
0x007A	0x1D03      	BTFSS      STATUS, 2
0x007B	0x287E      	GOTO       L__main68
0x007C	0x0856      	MOVF       _i, 0
0x007D	0x3C03      	SUBLW      3
L__main68:
0x007E	0x1803      	BTFSC      STATUS, 0
0x007F	0x2882      	GOTO       L_main12
0x0080	0x01F3      	CLRF       R3
0x0081	0x2884      	GOTO       L_main13
L_main12:
0x0082	0x3001      	MOVLW      1
0x0083	0x00F3      	MOVWF      R3
L_main13:
0x0084	0x1873      	BTFSC      R3, 0
0x0085	0x2888      	GOTO       L__main69
0x0086	0x1088      	BCF        PORTD, 1
0x0087	0x2889      	GOTO       L__main70
L__main69:
0x0088	0x1488      	BSF        PORTD, 1
L__main70:
;Traffic_Light_System.c,61 :: 		W_GREEN = (i > 3? 1:0);
0x0089	0x3080      	MOVLW      128
0x008A	0x00F0      	MOVWF      R0
0x008B	0x3080      	MOVLW      128
0x008C	0x0657      	XORWF      _i+1, 0
0x008D	0x0270      	SUBWF      R0, 0
0x008E	0x1D03      	BTFSS      STATUS, 2
0x008F	0x2892      	GOTO       L__main71
0x0090	0x0856      	MOVF       _i, 0
0x0091	0x3C03      	SUBLW      3
L__main71:
0x0092	0x1803      	BTFSC      STATUS, 0
0x0093	0x2897      	GOTO       L_main14
0x0094	0x3001      	MOVLW      1
0x0095	0x00F4      	MOVWF      R4
0x0096	0x2898      	GOTO       L_main15
L_main14:
0x0097	0x01F4      	CLRF       R4
L_main15:
0x0098	0x1874      	BTFSC      R4, 0
0x0099	0x289C      	GOTO       L__main72
0x009A	0x1108      	BCF        PORTD, 2
0x009B	0x289D      	GOTO       L__main73
L__main72:
0x009C	0x1508      	BSF        PORTD, 2
L__main73:
;Traffic_Light_System.c,62 :: 		S_YELLOW = 0;
0x009D	0x1208      	BCF        PORTD, 4
;Traffic_Light_System.c,63 :: 		S_GREEN = 0;
0x009E	0x1288      	BCF        PORTD, 5
;Traffic_Light_System.c,64 :: 		Countdown = segment[i];
0x009F	0x0856      	MOVF       _i, 0
0x00A0	0x00F0      	MOVWF      R0
0x00A1	0x0857      	MOVF       _i+1, 0
0x00A2	0x00F1      	MOVWF      R0+1
0x00A3	0x0DF0      	RLF        R0, 1
0x00A4	0x0DF1      	RLF        R0+1, 1
0x00A5	0x1070      	BCF        R0, 0
0x00A6	0x0870      	MOVF       R0, 0
0x00A7	0x3E22      	ADDLW      _segment
0x00A8	0x0084      	MOVWF      FSR
0x00A9	0x0800      	MOVF       INDF, 0
0x00AA	0x0087      	MOVWF      PORTC
;Traffic_Light_System.c,65 :: 		delay_ms(1000);
0x00AB	0x300B      	MOVLW      11
0x00AC	0x00FB      	MOVWF      R11
0x00AD	0x3026      	MOVLW      38
0x00AE	0x00FC      	MOVWF      R12
0x00AF	0x305D      	MOVLW      93
0x00B0	0x00FD      	MOVWF      R13
L_main16:
0x00B1	0x0BFD      	DECFSZ     R13, 1
0x00B2	0x28B1      	GOTO       L_main16
0x00B3	0x0BFC      	DECFSZ     R12, 1
0x00B4	0x28B1      	GOTO       L_main16
0x00B5	0x0BFB      	DECFSZ     R11, 1
0x00B6	0x28B1      	GOTO       L_main16
0x00B7	0x0000      	NOP
0x00B8	0x0000      	NOP
;Traffic_Light_System.c,58 :: 		for(i = 23; i > 0 && flag != 1; i--) {
0x00B9	0x3001      	MOVLW      1
0x00BA	0x02D6      	SUBWF      _i, 1
0x00BB	0x1C03      	BTFSS      STATUS, 0
0x00BC	0x03D7      	DECF       _i+1, 1
;Traffic_Light_System.c,66 :: 		}
0x00BD	0x2861      	GOTO       L_main7
L_main8:
;Traffic_Light_System.c,67 :: 		if(flag != 1) S_RED = 0;
0x00BE	0x3000      	MOVLW      0
0x00BF	0x0653      	XORWF      _flag+1, 0
0x00C0	0x1D03      	BTFSS      STATUS, 2
0x00C1	0x28C4      	GOTO       L__main74
0x00C2	0x3001      	MOVLW      1
0x00C3	0x0652      	XORWF      _flag, 0
L__main74:
0x00C4	0x1903      	BTFSC      STATUS, 2
0x00C5	0x28C7      	GOTO       L_main17
0x00C6	0x1188      	BCF        PORTD, 3
L_main17:
;Traffic_Light_System.c,68 :: 		}
0x00C7	0x2932      	GOTO       L_main18
L_main6:
;Traffic_Light_System.c,72 :: 		for(i = 15; i > 0 && flag != 1; i--) {
0x00C8	0x300F      	MOVLW      15
0x00C9	0x00D6      	MOVWF      _i
0x00CA	0x3000      	MOVLW      0
0x00CB	0x00D7      	MOVWF      _i+1
L_main19:
0x00CC	0x3080      	MOVLW      128
0x00CD	0x00F0      	MOVWF      R0
0x00CE	0x3080      	MOVLW      128
0x00CF	0x0657      	XORWF      _i+1, 0
0x00D0	0x0270      	SUBWF      R0, 0
0x00D1	0x1D03      	BTFSS      STATUS, 2
0x00D2	0x28D5      	GOTO       L__main75
0x00D3	0x0856      	MOVF       _i, 0
0x00D4	0x3C00      	SUBLW      0
L__main75:
0x00D5	0x1803      	BTFSC      STATUS, 0
0x00D6	0x2929      	GOTO       L_main20
0x00D7	0x3000      	MOVLW      0
0x00D8	0x0653      	XORWF      _flag+1, 0
0x00D9	0x1D03      	BTFSS      STATUS, 2
0x00DA	0x28DD      	GOTO       L__main76
0x00DB	0x3001      	MOVLW      1
0x00DC	0x0652      	XORWF      _flag, 0
L__main76:
0x00DD	0x1903      	BTFSC      STATUS, 2
0x00DE	0x2929      	GOTO       L_main20
L__main59:
;Traffic_Light_System.c,73 :: 		W_RED = 1;
0x00DF	0x1408      	BSF        PORTD, 0
;Traffic_Light_System.c,74 :: 		W_YELLOW = 0;
0x00E0	0x1088      	BCF        PORTD, 1
;Traffic_Light_System.c,75 :: 		W_GREEN = 0;
0x00E1	0x1108      	BCF        PORTD, 2
;Traffic_Light_System.c,76 :: 		S_YELLOW = (i > 3? 0:1);
0x00E2	0x3080      	MOVLW      128
0x00E3	0x00F0      	MOVWF      R0
0x00E4	0x3080      	MOVLW      128
0x00E5	0x0657      	XORWF      _i+1, 0
0x00E6	0x0270      	SUBWF      R0, 0
0x00E7	0x1D03      	BTFSS      STATUS, 2
0x00E8	0x28EB      	GOTO       L__main77
0x00E9	0x0856      	MOVF       _i, 0
0x00EA	0x3C03      	SUBLW      3
L__main77:
0x00EB	0x1803      	BTFSC      STATUS, 0
0x00EC	0x28EF      	GOTO       L_main24
0x00ED	0x01F5      	CLRF       R5
0x00EE	0x28F1      	GOTO       L_main25
L_main24:
0x00EF	0x3001      	MOVLW      1
0x00F0	0x00F5      	MOVWF      R5
L_main25:
0x00F1	0x1875      	BTFSC      R5, 0
0x00F2	0x28F5      	GOTO       L__main78
0x00F3	0x1208      	BCF        PORTD, 4
0x00F4	0x28F6      	GOTO       L__main79
L__main78:
0x00F5	0x1608      	BSF        PORTD, 4
L__main79:
;Traffic_Light_System.c,77 :: 		S_GREEN = (i > 3? 1:0);
0x00F6	0x3080      	MOVLW      128
0x00F7	0x00F0      	MOVWF      R0
0x00F8	0x3080      	MOVLW      128
0x00F9	0x0657      	XORWF      _i+1, 0
0x00FA	0x0270      	SUBWF      R0, 0
0x00FB	0x1D03      	BTFSS      STATUS, 2
0x00FC	0x28FF      	GOTO       L__main80
0x00FD	0x0856      	MOVF       _i, 0
0x00FE	0x3C03      	SUBLW      3
L__main80:
0x00FF	0x1803      	BTFSC      STATUS, 0
0x0100	0x2904      	GOTO       L_main26
0x0101	0x3001      	MOVLW      1
0x0102	0x00F6      	MOVWF      R6
0x0103	0x2905      	GOTO       L_main27
L_main26:
0x0104	0x01F6      	CLRF       R6
L_main27:
0x0105	0x1876      	BTFSC      R6, 0
0x0106	0x2909      	GOTO       L__main81
0x0107	0x1288      	BCF        PORTD, 5
0x0108	0x290A      	GOTO       L__main82
L__main81:
0x0109	0x1688      	BSF        PORTD, 5
L__main82:
;Traffic_Light_System.c,78 :: 		Countdown = segment[i];
0x010A	0x0856      	MOVF       _i, 0
0x010B	0x00F0      	MOVWF      R0
0x010C	0x0857      	MOVF       _i+1, 0
0x010D	0x00F1      	MOVWF      R0+1
0x010E	0x0DF0      	RLF        R0, 1
0x010F	0x0DF1      	RLF        R0+1, 1
0x0110	0x1070      	BCF        R0, 0
0x0111	0x0870      	MOVF       R0, 0
0x0112	0x3E22      	ADDLW      _segment
0x0113	0x0084      	MOVWF      FSR
0x0114	0x0800      	MOVF       INDF, 0
0x0115	0x0087      	MOVWF      PORTC
;Traffic_Light_System.c,79 :: 		delay_ms(1000);
0x0116	0x300B      	MOVLW      11
0x0117	0x00FB      	MOVWF      R11
0x0118	0x3026      	MOVLW      38
0x0119	0x00FC      	MOVWF      R12
0x011A	0x305D      	MOVLW      93
0x011B	0x00FD      	MOVWF      R13
L_main28:
0x011C	0x0BFD      	DECFSZ     R13, 1
0x011D	0x291C      	GOTO       L_main28
0x011E	0x0BFC      	DECFSZ     R12, 1
0x011F	0x291C      	GOTO       L_main28
0x0120	0x0BFB      	DECFSZ     R11, 1
0x0121	0x291C      	GOTO       L_main28
0x0122	0x0000      	NOP
0x0123	0x0000      	NOP
;Traffic_Light_System.c,72 :: 		for(i = 15; i > 0 && flag != 1; i--) {
0x0124	0x3001      	MOVLW      1
0x0125	0x02D6      	SUBWF      _i, 1
0x0126	0x1C03      	BTFSS      STATUS, 0
0x0127	0x03D7      	DECF       _i+1, 1
;Traffic_Light_System.c,80 :: 		}
0x0128	0x28CC      	GOTO       L_main19
L_main20:
;Traffic_Light_System.c,81 :: 		if(flag != 1) S_RED = 1;
0x0129	0x3000      	MOVLW      0
0x012A	0x0653      	XORWF      _flag+1, 0
0x012B	0x1D03      	BTFSS      STATUS, 2
0x012C	0x292F      	GOTO       L__main83
0x012D	0x3001      	MOVLW      1
0x012E	0x0652      	XORWF      _flag, 0
L__main83:
0x012F	0x1903      	BTFSC      STATUS, 2
0x0130	0x2932      	GOTO       L_main29
0x0131	0x1588      	BSF        PORTD, 3
L_main29:
;Traffic_Light_System.c,82 :: 		}
L_main18:
;Traffic_Light_System.c,83 :: 		}
0x0132	0x29CC      	GOTO       L_main30
L_main5:
;Traffic_Light_System.c,88 :: 		if(S_RED){
0x0133	0x1D88      	BTFSS      PORTD, 3
0x0134	0x2981      	GOTO       L_main31
;Traffic_Light_System.c,89 :: 		for(i = 3; i > 0 && flag; i--) {
0x0135	0x3003      	MOVLW      3
0x0136	0x00D6      	MOVWF      _i
0x0137	0x3000      	MOVLW      0
0x0138	0x00D7      	MOVWF      _i+1
L_main32:
0x0139	0x3080      	MOVLW      128
0x013A	0x00F0      	MOVWF      R0
0x013B	0x3080      	MOVLW      128
0x013C	0x0657      	XORWF      _i+1, 0
0x013D	0x0270      	SUBWF      R0, 0
0x013E	0x1D03      	BTFSS      STATUS, 2
0x013F	0x2942      	GOTO       L__main84
0x0140	0x0856      	MOVF       _i, 0
0x0141	0x3C00      	SUBLW      0
L__main84:
0x0142	0x1803      	BTFSC      STATUS, 0
0x0143	0x2969      	GOTO       L_main33
0x0144	0x0852      	MOVF       _flag, 0
0x0145	0x0453      	IORWF      _flag+1, 0
0x0146	0x1903      	BTFSC      STATUS, 2
0x0147	0x2969      	GOTO       L_main33
L__main58:
;Traffic_Light_System.c,90 :: 		W_YELLOW = 1;
0x0148	0x1488      	BSF        PORTD, 1
;Traffic_Light_System.c,91 :: 		W_GREEN = 0;
0x0149	0x1108      	BCF        PORTD, 2
;Traffic_Light_System.c,92 :: 		Countdown = segment[i];
0x014A	0x0856      	MOVF       _i, 0
0x014B	0x00F0      	MOVWF      R0
0x014C	0x0857      	MOVF       _i+1, 0
0x014D	0x00F1      	MOVWF      R0+1
0x014E	0x0DF0      	RLF        R0, 1
0x014F	0x0DF1      	RLF        R0+1, 1
0x0150	0x1070      	BCF        R0, 0
0x0151	0x0870      	MOVF       R0, 0
0x0152	0x3E22      	ADDLW      _segment
0x0153	0x0084      	MOVWF      FSR
0x0154	0x0800      	MOVF       INDF, 0
0x0155	0x0087      	MOVWF      PORTC
;Traffic_Light_System.c,93 :: 		delay_ms(1000);
0x0156	0x300B      	MOVLW      11
0x0157	0x00FB      	MOVWF      R11
0x0158	0x3026      	MOVLW      38
0x0159	0x00FC      	MOVWF      R12
0x015A	0x305D      	MOVLW      93
0x015B	0x00FD      	MOVWF      R13
L_main37:
0x015C	0x0BFD      	DECFSZ     R13, 1
0x015D	0x295C      	GOTO       L_main37
0x015E	0x0BFC      	DECFSZ     R12, 1
0x015F	0x295C      	GOTO       L_main37
0x0160	0x0BFB      	DECFSZ     R11, 1
0x0161	0x295C      	GOTO       L_main37
0x0162	0x0000      	NOP
0x0163	0x0000      	NOP
;Traffic_Light_System.c,89 :: 		for(i = 3; i > 0 && flag; i--) {
0x0164	0x3001      	MOVLW      1
0x0165	0x02D6      	SUBWF      _i, 1
0x0166	0x1C03      	BTFSS      STATUS, 0
0x0167	0x03D7      	DECF       _i+1, 1
;Traffic_Light_System.c,94 :: 		}
0x0168	0x2939      	GOTO       L_main32
L_main33:
;Traffic_Light_System.c,95 :: 		while(flag && Manual != 1) {
L_main38:
0x0169	0x0852      	MOVF       _flag, 0
0x016A	0x0453      	IORWF      _flag+1, 0
0x016B	0x1903      	BTFSC      STATUS, 2
0x016C	0x2980      	GOTO       L_main39
0x016D	0x1886      	BTFSC      PORTB, 1
0x016E	0x2980      	GOTO       L_main39
L__main57:
;Traffic_Light_System.c,96 :: 		W_RED = 1;
0x016F	0x1408      	BSF        PORTD, 0
;Traffic_Light_System.c,97 :: 		W_YELLOW = 0;
0x0170	0x1088      	BCF        PORTD, 1
;Traffic_Light_System.c,98 :: 		S_RED = 0;
0x0171	0x1188      	BCF        PORTD, 3
;Traffic_Light_System.c,99 :: 		S_GREEN = 1;
0x0172	0x1688      	BSF        PORTD, 5
;Traffic_Light_System.c,100 :: 		Countdown = segment[0];
0x0173	0x0822      	MOVF       _segment, 0
0x0174	0x0087      	MOVWF      PORTC
;Traffic_Light_System.c,101 :: 		delay_ms(50);
0x0175	0x3082      	MOVLW      130
0x0176	0x00FC      	MOVWF      R12
0x0177	0x30DD      	MOVLW      221
0x0178	0x00FD      	MOVWF      R13
L_main42:
0x0179	0x0BFD      	DECFSZ     R13, 1
0x017A	0x2979      	GOTO       L_main42
0x017B	0x0BFC      	DECFSZ     R12, 1
0x017C	0x2979      	GOTO       L_main42
0x017D	0x0000      	NOP
0x017E	0x0000      	NOP
;Traffic_Light_System.c,102 :: 		}
0x017F	0x2969      	GOTO       L_main38
L_main39:
;Traffic_Light_System.c,103 :: 		}
0x0180	0x29CC      	GOTO       L_main43
L_main31:
;Traffic_Light_System.c,106 :: 		for(i = 3; i > 0 && flag; i--) {
0x0181	0x3003      	MOVLW      3
0x0182	0x00D6      	MOVWF      _i
0x0183	0x3000      	MOVLW      0
0x0184	0x00D7      	MOVWF      _i+1
L_main44:
0x0185	0x3080      	MOVLW      128
0x0186	0x00F0      	MOVWF      R0
0x0187	0x3080      	MOVLW      128
0x0188	0x0657      	XORWF      _i+1, 0
0x0189	0x0270      	SUBWF      R0, 0
0x018A	0x1D03      	BTFSS      STATUS, 2
0x018B	0x298E      	GOTO       L__main85
0x018C	0x0856      	MOVF       _i, 0
0x018D	0x3C00      	SUBLW      0
L__main85:
0x018E	0x1803      	BTFSC      STATUS, 0
0x018F	0x29B5      	GOTO       L_main45
0x0190	0x0852      	MOVF       _flag, 0
0x0191	0x0453      	IORWF      _flag+1, 0
0x0192	0x1903      	BTFSC      STATUS, 2
0x0193	0x29B5      	GOTO       L_main45
L__main56:
;Traffic_Light_System.c,107 :: 		S_YELLOW = 1;
0x0194	0x1608      	BSF        PORTD, 4
;Traffic_Light_System.c,108 :: 		S_GREEN = 0;
0x0195	0x1288      	BCF        PORTD, 5
;Traffic_Light_System.c,109 :: 		Countdown = segment[i];
0x0196	0x0856      	MOVF       _i, 0
0x0197	0x00F0      	MOVWF      R0
0x0198	0x0857      	MOVF       _i+1, 0
0x0199	0x00F1      	MOVWF      R0+1
0x019A	0x0DF0      	RLF        R0, 1
0x019B	0x0DF1      	RLF        R0+1, 1
0x019C	0x1070      	BCF        R0, 0
0x019D	0x0870      	MOVF       R0, 0
0x019E	0x3E22      	ADDLW      _segment
0x019F	0x0084      	MOVWF      FSR
0x01A0	0x0800      	MOVF       INDF, 0
0x01A1	0x0087      	MOVWF      PORTC
;Traffic_Light_System.c,110 :: 		delay_ms(1000);
0x01A2	0x300B      	MOVLW      11
0x01A3	0x00FB      	MOVWF      R11
0x01A4	0x3026      	MOVLW      38
0x01A5	0x00FC      	MOVWF      R12
0x01A6	0x305D      	MOVLW      93
0x01A7	0x00FD      	MOVWF      R13
L_main49:
0x01A8	0x0BFD      	DECFSZ     R13, 1
0x01A9	0x29A8      	GOTO       L_main49
0x01AA	0x0BFC      	DECFSZ     R12, 1
0x01AB	0x29A8      	GOTO       L_main49
0x01AC	0x0BFB      	DECFSZ     R11, 1
0x01AD	0x29A8      	GOTO       L_main49
0x01AE	0x0000      	NOP
0x01AF	0x0000      	NOP
;Traffic_Light_System.c,106 :: 		for(i = 3; i > 0 && flag; i--) {
0x01B0	0x3001      	MOVLW      1
0x01B1	0x02D6      	SUBWF      _i, 1
0x01B2	0x1C03      	BTFSS      STATUS, 0
0x01B3	0x03D7      	DECF       _i+1, 1
;Traffic_Light_System.c,111 :: 		}
0x01B4	0x2985      	GOTO       L_main44
L_main45:
;Traffic_Light_System.c,112 :: 		while(flag && Manual != 1) {
L_main50:
0x01B5	0x0852      	MOVF       _flag, 0
0x01B6	0x0453      	IORWF      _flag+1, 0
0x01B7	0x1903      	BTFSC      STATUS, 2
0x01B8	0x29CC      	GOTO       L_main51
0x01B9	0x1886      	BTFSC      PORTB, 1
0x01BA	0x29CC      	GOTO       L_main51
L__main55:
;Traffic_Light_System.c,113 :: 		W_RED = 0;
0x01BB	0x1008      	BCF        PORTD, 0
;Traffic_Light_System.c,114 :: 		W_GREEN = 1;
0x01BC	0x1508      	BSF        PORTD, 2
;Traffic_Light_System.c,115 :: 		S_RED = 1;
0x01BD	0x1588      	BSF        PORTD, 3
;Traffic_Light_System.c,116 :: 		S_YELLOW = 0;
0x01BE	0x1208      	BCF        PORTD, 4
;Traffic_Light_System.c,117 :: 		Countdown = segment[0];
0x01BF	0x0822      	MOVF       _segment, 0
0x01C0	0x0087      	MOVWF      PORTC
;Traffic_Light_System.c,118 :: 		delay_ms(50);
0x01C1	0x3082      	MOVLW      130
0x01C2	0x00FC      	MOVWF      R12
0x01C3	0x30DD      	MOVLW      221
0x01C4	0x00FD      	MOVWF      R13
L_main54:
0x01C5	0x0BFD      	DECFSZ     R13, 1
0x01C6	0x29C5      	GOTO       L_main54
0x01C7	0x0BFC      	DECFSZ     R12, 1
0x01C8	0x29C5      	GOTO       L_main54
0x01C9	0x0000      	NOP
0x01CA	0x0000      	NOP
;Traffic_Light_System.c,119 :: 		}
0x01CB	0x29B5      	GOTO       L_main50
L_main51:
;Traffic_Light_System.c,120 :: 		}
L_main43:
;Traffic_Light_System.c,121 :: 		}
L_main30:
;Traffic_Light_System.c,122 :: 		}
0x01CC	0x2852      	GOTO       L_main3
;Traffic_Light_System.c,123 :: 		}
L_end_main:
0x01CD	0x29CD      	GOTO       $+0
; end of _main
0x0206	0x3022      	MOVLW      34
0x0207	0x0084      	MOVWF      FSR
0x0208	0x3032      	MOVLW      50
0x0209	0x1283      	BCF        STATUS, 5
0x020A	0x1303      	BCF        STATUS, 6
0x020B	0x00F0      	MOVWF      R0
0x020C	0x30D3      	MOVLW      211
0x020D	0x00D4      	MOVWF      ___DoICPAddr
0x020E	0x3001      	MOVLW      1
0x020F	0x00D5      	MOVWF      85
0x0210	0x2036      	CALL       54
0x0211	0x0008      	RETURN
;Traffic_Light_System.c,0 :: ?ICS_segment
0x01D3	0x3400 ;?ICS_segment+0
0x01D4	0x3400 ;?ICS_segment+1
0x01D5	0x3441 ;?ICS_segment+2
0x01D6	0x3400 ;?ICS_segment+3
0x01D7	0x3442 ;?ICS_segment+4
0x01D8	0x3400 ;?ICS_segment+5
0x01D9	0x3443 ;?ICS_segment+6
0x01DA	0x3400 ;?ICS_segment+7
0x01DB	0x3444 ;?ICS_segment+8
0x01DC	0x3400 ;?ICS_segment+9
0x01DD	0x3445 ;?ICS_segment+10
0x01DE	0x3400 ;?ICS_segment+11
0x01DF	0x3446 ;?ICS_segment+12
0x01E0	0x3400 ;?ICS_segment+13
0x01E1	0x3447 ;?ICS_segment+14
0x01E2	0x3400 ;?ICS_segment+15
0x01E3	0x3448 ;?ICS_segment+16
0x01E4	0x3400 ;?ICS_segment+17
0x01E5	0x3449 ;?ICS_segment+18
0x01E6	0x3400 ;?ICS_segment+19
0x01E7	0x34D0 ;?ICS_segment+20
0x01E8	0x3400 ;?ICS_segment+21
0x01E9	0x34D1 ;?ICS_segment+22
0x01EA	0x3400 ;?ICS_segment+23
0x01EB	0x34D2 ;?ICS_segment+24
0x01EC	0x3400 ;?ICS_segment+25
0x01ED	0x34D3 ;?ICS_segment+26
0x01EE	0x3400 ;?ICS_segment+27
0x01EF	0x34D4 ;?ICS_segment+28
0x01F0	0x3400 ;?ICS_segment+29
0x01F1	0x34D5 ;?ICS_segment+30
0x01F2	0x3400 ;?ICS_segment+31
0x01F3	0x34D6 ;?ICS_segment+32
0x01F4	0x3400 ;?ICS_segment+33
0x01F5	0x34D7 ;?ICS_segment+34
0x01F6	0x3400 ;?ICS_segment+35
0x01F7	0x34D8 ;?ICS_segment+36
0x01F8	0x3400 ;?ICS_segment+37
0x01F9	0x34D9 ;?ICS_segment+38
0x01FA	0x3400 ;?ICS_segment+39
0x01FB	0x34E0 ;?ICS_segment+40
0x01FC	0x3400 ;?ICS_segment+41
0x01FD	0x34E1 ;?ICS_segment+42
0x01FE	0x3400 ;?ICS_segment+43
0x01FF	0x34E2 ;?ICS_segment+44
0x0200	0x3400 ;?ICS_segment+45
0x0201	0x34E3 ;?ICS_segment+46
0x0202	0x3400 ;?ICS_segment+47
; end of ?ICS_segment
;Traffic_Light_System.c,0 :: ?ICS_flag
0x0203	0x3400 ;?ICS_flag+0
0x0204	0x3400 ;?ICS_flag+1
; end of ?ICS_flag
Symbol List:
//** Routines locations **
//ADDRESS    SIZE    PROCEDURE
//----------------------------------------------
0x0004      [43]    _interrupt
0x002F       [7]    _____DoICP
0x0036      [12]    ___CC2DW
0x0042     [395]    _main
//** Variables locations ** 
//ADDRESS    SIZE    VARIABLE
//----------------------------------------------
0x0000       [1]    INDF
0x0002       [1]    PCL
0x0003       [1]    STATUS
0x0004       [1]    FSR
0x0006       [1]    PORTB
0x0007       [1]    PORTC
0x0008       [1]    PORTD
0x000A       [1]    PCLATH
0x000B       [0]    INTF_bit
0x000B       [0]    INTE_bit
0x000B       [0]    GIE_bit
0x0022      [48]    _segment
0x0052       [2]    _flag
0x0054       [2]    ___DoICPAddr
0x0056       [2]    _i
0x0058       [1]    ___saveSTATUS
0x0059       [1]    ___savePCLATH
0x0070       [1]    R0
0x0071       [1]    R1
0x0072       [1]    R2
0x0073       [1]    R3
0x0074       [1]    R4
0x0075       [1]    R5
0x0076       [1]    R6
0x0077       [1]    R7
0x0078       [1]    R8
0x0079       [1]    R9
0x007A       [1]    R10
0x007B       [1]    R11
0x007C       [1]    R12
0x007D       [1]    R13
0x007E       [1]    R14
0x007F       [1]    R15
0x0081       [0]    INTEDG_bit
0x0086       [1]    TRISB
0x0087       [1]    TRISC
0x0088       [1]    TRISD
//** Constants locations ** 
//ADDRESS    SIZE    CONSTANT
//----------------------------------------------
0x01D3      [48]    ?ICS_segment
0x0203       [2]    ?ICS_flag
